app/build/intermediates/manifest_merge_blame_file/debug/manifest-merger-blame-debug-report.txt
1<?xml version="1.0" encoding="utf-8"?>
2<manifest xmlns:android="http://schemas.android.com/apk/res/android"
3    package="com.example.designui"
4    android:versionCode="1"
5    android:versionName="1.0" >
6
7    <uses-sdk
8        android:minSdkVersion="21"
8-->src\main\AndroidManifest.xml
9        android:targetSdkVersion="32" />
9-->src\main\AndroidManifest.xml
10
11    <application
11-->src\main\AndroidManifest.xml:6:5-55:19
12        android:allowBackup="true"
12-->src\main\AndroidManifest.xml:7:9-35
13        android:appComponentFactory="androidx.core.app.CoreComponentFactory"
13-->[androidx.core:core:1.8.0] AndroidManifest.xml:24:18-86
14        android:dataExtractionRules="@xml/data_extraction_rules"
14-->src\main\AndroidManifest.xml:8:9-65
15        android:debuggable="true"
16        android:fullBackupContent="@xml/backup_rules"
16-->src\main\AndroidManifest.xml:9:9-54
17        android:icon="@mipmap/ic_launcher"
17-->src\main\AndroidManifest.xml:10:9-43
18        android:label="@string/app_name"
18-->src\main\AndroidManifest.xml:11:9-41
19        android:roundIcon="@mipmap/ic_launcher_round"
19-->src\main\AndroidManifest.xml:12:9-54
20        android:supportsRtl="true"
20-->src\main\AndroidManifest.xml:13:9-35
21        android:testOnly="true"
22        android:theme="@style/Theme.DesignUI" >
22-->src\main\AndroidManifest.xml:14:9-46
23        <activity
23-->src\main\AndroidManifest.xml:16:9-25:20
24            android:name="com.example.designui.PracticeActivity"
24-->src\main\AndroidManifest.xml:17:13-45
25            android:exported="true" >
25-->src\main\AndroidManifest.xml:18:13-36
26            <intent-filter>
26-->src\main\AndroidManifest.xml:19:13-23:29
27                <action android:name="android.intent.action.MAIN" />
27-->src\main\AndroidManifest.xml:20:17-69
27-->src\main\AndroidManifest.xml:20:25-66
28
29                <category android:name="android.intent.category.LAUNCHER" />
29-->src\main\AndroidManifest.xml:22:17-77
29-->src\main\AndroidManifest.xml:22:27-74
30            </intent-filter>
31        </activity>
32        <activity
32-->src\main\AndroidManifest.xml:26:9-30:20
33            android:name="com.example.designui.EditextActivity"
33-->src\main\AndroidManifest.xml:27:13-44
34            android:exported="true" >
34-->src\main\AndroidManifest.xml:28:13-36
35        </activity>
36        <activity
36-->src\main\AndroidManifest.xml:31:9-33:48
37            android:name="com.example.designui.Method1Activity"
37-->src\main\AndroidManifest.xml:32:13-44
38            android:exported="true" />
38-->src\main\AndroidManifest.xml:33:13-36
39        <activity
39-->src\main\AndroidManifest.xml:34:9-36:39
40            android:name="com.example.designui.ScrollviewActivity"
40-->src\main\AndroidManifest.xml:35:13-47
41            android:exported="true" />
41-->src\main\AndroidManifest.xml:36:13-36
42        <activity
42-->src\main\AndroidManifest.xml:37:9-39:39
43            android:name="com.example.designui.Constrain2Activity"
43-->src\main\AndroidManifest.xml:38:13-47
44            android:exported="true" />
44-->src\main\AndroidManifest.xml:39:13-36
45        <activity
45-->src\main\AndroidManifest.xml:40:9-42:39
46            android:name="com.example.designui.TitokConstrainlayoutActivity"
46-->src\main\AndroidManifest.xml:41:13-57
47            android:exported="true" />
47-->src\main\AndroidManifest.xml:42:13-36
48        <activity
48-->src\main\AndroidManifest.xml:43:9-45:39
49            android:name="com.example.designui.ConstraintLayoutActivity"
49-->src\main\AndroidManifest.xml:44:13-53
50            android:exported="true" />
50-->src\main\AndroidManifest.xml:45:13-36
51        <activity
51-->src\main\AndroidManifest.xml:46:9-48:39
52            android:name="com.example.designui.FramLayoutActivity"
52-->src\main\AndroidManifest.xml:47:13-47
53            android:exported="true" />
53-->src\main\AndroidManifest.xml:48:13-36
54        <activity
54-->src\main\AndroidManifest.xml:49:9-51:39
55            android:name="com.example.designui.LoginActivity"
55-->src\main\AndroidManifest.xml:50:13-42
56            android:exported="true" />
56-->src\main\AndroidManifest.xml:51:13-36
57        <activity
57-->src\main\AndroidManifest.xml:52:9-54:40
58            android:name="com.example.designui.MainActivity"
58-->src\main\AndroidManifest.xml:53:13-41
59            android:exported="false" />
59-->src\main\AndroidManifest.xml:54:13-37
60
61        <provider
61-->[androidx.emoji2:emoji2:1.2.0] AndroidManifest.xml:24:9-32:20
62            android:name="androidx.startup.InitializationProvider"
62-->[androidx.emoji2:emoji2:1.2.0] AndroidManifest.xml:25:13-67
63            android:authorities="com.example.designui.androidx-startup"
63-->[androidx.emoji2:emoji2:1.2.0] AndroidManifest.xml:26:13-68
64            android:exported="false" >
64-->[androidx.emoji2:emoji2:1.2.0] AndroidManifest.xml:27:13-37
65            <meta-data
65-->[androidx.emoji2:emoji2:1.2.0] AndroidManifest.xml:29:13-31:52
66                android:name="androidx.emoji2.text.EmojiCompatInitializer"
66-->[androidx.emoji2:emoji2:1.2.0] AndroidManifest.xml:30:17-75
67                android:value="androidx.startup" />
67-->[androidx.emoji2:emoji2:1.2.0] AndroidManifest.xml:31:17-49
68            <meta-data
68-->[androidx.lifecycle:lifecycle-process:2.4.1] AndroidManifest.xml:31:13-33:52
69                android:name="androidx.lifecycle.ProcessLifecycleInitializer"
69-->[androidx.lifecycle:lifecycle-process:2.4.1] AndroidManifest.xml:32:17-78
70                android:value="androidx.startup" />
70-->[androidx.lifecycle:lifecycle-process:2.4.1] AndroidManifest.xml:33:17-49
71        </provider>
72    </application>
73
74</manifest>